<?xml version="1.0" encoding="UTF-8"?>
<!-- Generated by org.testng.reporters.JUnitReportReporter -->
<testsuite skipped="0" hostname="ASDP1734PO02529" name="com.qainfotech.tap.training.resourceio.PropertiesOptionsIOTest" tests="2" failures="0" timestamp="27 Jun 2017 06:16:36 GMT" time="0.068" errors="0">
  <testcase name="addOptionShouldMethodShouldAppendPropertiesFileWithNewProperty" time="0.065" classname="com.qainfotech.tap.training.resourceio.PropertiesOptionsIOTest"/>
  <testcase name="getOptionValueMethodShouldReturnOptionValuesFromPropertiesFile" time="0.003" classname="com.qainfotech.tap.training.resourceio.PropertiesOptionsIOTest"/>
</testsuite> <!-- com.qainfotech.tap.training.resourceio.PropertiesOptionsIOTest -->
